  main.cpp
c:\users\ajones\desktop\opengl\project\openglproject\consoleapplication1\Helicopter.h(11): warning C4244: 'initializing': conversion from 'double' to 'int', possible loss of data
c:\users\ajones\desktop\opengl\project\openglproject\consoleapplication1\Helicopter.h(20): warning C4244: '+=': conversion from 'float' to 'int', possible loss of data
c:\users\ajones\desktop\opengl\project\openglproject\consoleapplication1\Helicopter.h(26): warning C4244: '-=': conversion from 'double' to 'float', possible loss of data
c:\users\ajones\desktop\opengl\project\openglproject\consoleapplication1\Helicopter.h(27): warning C4244: '+=': conversion from 'double' to 'float', possible loss of data
c:\users\ajones\desktop\opengl\project\openglproject\consoleapplication1\Helicopter.h(85): warning C4244: 'argument': conversion from 'double' to 'float', possible loss of data
c:\users\ajones\desktop\opengl\project\openglproject\consoleapplication1\Helicopter.h(86): warning C4244: 'argument': conversion from 'double' to 'float', possible loss of data
c:\users\ajones\desktop\opengl\project\openglproject\consoleapplication1\Helicopter.h(87): warning C4244: 'argument': conversion from 'double' to 'float', possible loss of data
c:\users\ajones\desktop\opengl\project\openglproject\consoleapplication1\Helicopter.h(104): warning C4244: 'argument': conversion from 'double' to 'float', possible loss of data
c:\users\ajones\desktop\opengl\project\openglproject\consoleapplication1\Helicopter.h(104): warning C4244: 'argument': conversion from 'int' to 'float', possible loss of data
c:\users\ajones\desktop\opengl\project\openglproject\consoleapplication1\Boxes.h(40): warning C4018: '<': signed/unsigned mismatch
c:\users\ajones\desktop\opengl\project\openglproject\consoleapplication1\Boxes.h(56): warning C4244: 'argument': conversion from 'int' to 'float', possible loss of data
c:\users\ajones\desktop\opengl\project\openglproject\consoleapplication1\Boxes.h(57): warning C4018: '<': signed/unsigned mismatch
c:\users\ajones\desktop\opengl\project\openglproject\consoleapplication1\Boxes.h(58): warning C4018: '<': signed/unsigned mismatch
c:\users\ajones\desktop\opengl\project\openglproject\consoleapplication1\Boxes.h(61): warning C4244: 'argument': conversion from 'int' to 'float', possible loss of data
c:\users\ajones\desktop\opengl\project\openglproject\consoleapplication1\Robot.h(19): warning C4305: 'argument': truncation from 'double' to 'float'
c:\users\ajones\desktop\opengl\project\openglproject\consoleapplication1\Robot.h(21): warning C4305: 'argument': truncation from 'double' to 'float'
c:\users\ajones\desktop\opengl\project\openglproject\consoleapplication1\World.h(41): warning C4244: 'argument': conversion from 'unsigned int' to 'float', possible loss of data
c:\users\ajones\desktop\opengl\project\openglproject\consoleapplication1\World.h(60): warning C4244: 'argument': conversion from 'int' to 'float', possible loss of data
c:\users\ajones\desktop\opengl\project\openglproject\consoleapplication1\World.h(68): warning C4244: 'argument': conversion from 'int' to 'float', possible loss of data
c:\users\ajones\desktop\opengl\project\openglproject\consoleapplication1\World.h(78): warning C4244: 'argument': conversion from 'int' to 'float', possible loss of data
c:\users\ajones\desktop\opengl\project\openglproject\consoleapplication1\ShaderType.h(21): warning C4244: '=': conversion from 'double' to 'float', possible loss of data
c:\users\ajones\desktop\opengl\project\openglproject\consoleapplication1\ShaderType.h(24): warning C4244: 'initializing': conversion from 'double' to 'float', possible loss of data
c:\users\ajones\desktop\opengl\project\openglproject\consoleapplication1\ShaderType.h(26): warning C4244: 'initializing': conversion from 'double' to 'float', possible loss of data
c:\users\ajones\desktop\opengl\project\openglproject\consoleapplication1\ShaderType.h(28): warning C4244: '=': conversion from 'double' to 'float', possible loss of data
c:\users\ajones\desktop\opengl\project\openglproject\consoleapplication1\ShaderType.h(30): warning C4244: '=': conversion from 'double' to 'float', possible loss of data
c:\users\ajones\desktop\opengl\project\openglproject\consoleapplication1\Rings.h(49): warning C4244: '=': conversion from 'double' to 'float', possible loss of data
c:\users\ajones\desktop\opengl\project\openglproject\consoleapplication1\Rings.h(55): warning C4244: '=': conversion from 'double' to 'float', possible loss of data
c:\users\ajones\desktop\opengl\project\openglproject\consoleapplication1\Rings.h(72): warning C4244: 'argument': conversion from 'double' to 'float', possible loss of data
c:\users\ajones\desktop\opengl\project\openglproject\consoleapplication1\Rings.h(80): warning C4244: 'argument': conversion from 'double' to 'float', possible loss of data
c:\users\ajones\desktop\opengl\project\openglproject\consoleapplication1\Rings.h(89): warning C4244: 'argument': conversion from 'double' to 'float', possible loss of data
c:\users\ajones\desktop\opengl\project\openglproject\consoleapplication1\Rings.h(90): warning C4244: 'argument': conversion from 'double' to 'float', possible loss of data
main.cpp(156): warning C4244: 'initializing': conversion from 'int' to 'float', possible loss of data
main.cpp(213): warning C4244: 'argument': conversion from 'double' to 'float', possible loss of data
main.cpp(64): warning C4297: 'SDL_main': function assumed not to throw an exception but does
  main.cpp(64): note: __declspec(nothrow), throw(), noexcept(true), or noexcept was specified on the function
main.cpp(76): warning C4297: 'SDL_main': function assumed not to throw an exception but does
  main.cpp(76): note: __declspec(nothrow), throw(), noexcept(true), or noexcept was specified on the function
C:\Users\ajones\Desktop\OpenGL\libs\math3d.h(841): warning C4244: 'argument': conversion from 'double' to 'const float', possible loss of data
  C:\Users\ajones\Desktop\OpenGL\libs\math3d.h(1016): note: see reference to function template instantiation 'T normalize<vec3>(const T &)' being compiled
          with
          [
              T=vec3
          ]
c:\users\ajones\desktop\opengl\project\openglproject\consoleapplication1\Program.h(411): warning C4244: 'argument': conversion from 'int' to 'float', possible loss of data
  c:\users\ajones\desktop\opengl\project\openglproject\consoleapplication1\Helicopter.h(83): note: see reference to function template instantiation 'void Program::setUniform<int>(std::string,T)' being compiled
          with
          [
              T=int
          ]
     Creating library C:\Users\ajones\Desktop\OpenGL\Project\OpenGLProject\Release\ConsoleApplication1.lib and object C:\Users\ajones\Desktop\OpenGL\Project\OpenGLProject\Release\ConsoleApplication1.exp
  Generating code
c:\users\ajones\desktop\opengl\project\openglproject\consoleapplication1\main.cpp(183): warning C4700: uninitialized local variable 'timer' used
  All 2395 functions were compiled because no usable IPDB/IOBJ from previous compilation was found.
  Finished generating code
  ConsoleApplication1.vcxproj -> C:\Users\ajones\Desktop\OpenGL\Project\OpenGLProject\Release\ConsoleApplication1.exe
  ConsoleApplication1.vcxproj -> C:\Users\ajones\Desktop\OpenGL\Project\OpenGLProject\Release\ConsoleApplication1.pdb (Full PDB)
