c:\users\ajones\desktop\opengl\graphics2\maze\consoleapplication1\consoleapplication1\release\vc140.pdb
c:\users\ajones\desktop\opengl\graphics2\maze\consoleapplication1\consoleapplication1\release\skybox.obj
c:\users\ajones\desktop\opengl\graphics2\maze\consoleapplication1\consoleapplication1\release\ppng.obj
c:\users\ajones\desktop\opengl\graphics2\maze\consoleapplication1\consoleapplication1\release\main.obj
c:\users\ajones\desktop\opengl\graphics2\maze\consoleapplication1\consoleapplication1\release\arrow.obj
c:\users\ajones\desktop\opengl\graphics2\maze\consoleapplication1\consoleapplication1\release\glfuncs.obj
c:\users\ajones\desktop\opengl\graphics2\project\openglproject\consoleapplication1\release\vc140.pdb
c:\users\ajones\desktop\opengl\graphics2\project\openglproject\consoleapplication1\release\floor0.obj
c:\users\ajones\desktop\opengl\graphics2\project\openglproject\consoleapplication1\release\envelope.obj
c:\users\ajones\desktop\opengl\graphics2\project\openglproject\consoleapplication1\release\effect_stereoreverse.obj
c:\users\ajones\desktop\opengl\graphics2\project\openglproject\consoleapplication1\release\effect_position.obj
c:\users\ajones\desktop\opengl\graphics2\project\openglproject\consoleapplication1\release\effects_internal.obj
c:\users\ajones\desktop\opengl\graphics2\project\openglproject\consoleapplication1\release\dynamic_ogg.obj
c:\users\ajones\desktop\opengl\graphics2\project\openglproject\consoleapplication1\release\dynamic_mp3.obj
c:\users\ajones\desktop\opengl\graphics2\project\openglproject\consoleapplication1\release\dynamic_modplug.obj
c:\users\ajones\desktop\opengl\graphics2\project\openglproject\consoleapplication1\release\dynamic_mod.obj
c:\users\ajones\desktop\opengl\graphics2\project\openglproject\consoleapplication1\release\dynamic_fluidsynth.obj
c:\users\ajones\desktop\opengl\graphics2\project\openglproject\consoleapplication1\release\dynamic_flac.obj
c:\users\ajones\desktop\opengl\graphics2\project\openglproject\consoleapplication1\release\deflate.obj
c:\users\ajones\desktop\opengl\graphics2\project\openglproject\consoleapplication1\release\crc32.obj
c:\users\ajones\desktop\opengl\graphics2\project\openglproject\consoleapplication1\release\compress.obj
c:\users\ajones\desktop\opengl\graphics2\project\openglproject\consoleapplication1\release\codebook.obj
c:\users\ajones\desktop\opengl\graphics2\project\openglproject\consoleapplication1\release\block.obj
c:\users\ajones\desktop\opengl\graphics2\project\openglproject\consoleapplication1\release\bitwise.obj
c:\users\ajones\desktop\opengl\graphics2\project\openglproject\consoleapplication1\release\bitrate.obj
c:\users\ajones\desktop\opengl\graphics2\project\openglproject\consoleapplication1\release\analysis.obj
c:\users\ajones\desktop\opengl\graphics2\project\openglproject\consoleapplication1\release\adler32.obj
c:\users\ajones\desktop\opengl\graphics2\project\openglproject\consoleapplication1\release\lsp.obj
c:\users\ajones\desktop\opengl\graphics2\project\openglproject\consoleapplication1\release\lpc.obj
c:\users\ajones\desktop\opengl\graphics2\project\openglproject\consoleapplication1\release\lookup.obj
c:\users\ajones\desktop\opengl\graphics2\project\openglproject\consoleapplication1\release\load_voc.obj
c:\users\ajones\desktop\opengl\graphics2\project\openglproject\consoleapplication1\release\load_ogg.obj
c:\users\ajones\desktop\opengl\graphics2\project\openglproject\consoleapplication1\release\load_mp3.obj
c:\users\ajones\desktop\opengl\graphics2\project\openglproject\consoleapplication1\release\load_flac.obj
c:\users\ajones\desktop\opengl\graphics2\project\openglproject\consoleapplication1\release\load_aiff.obj
c:\users\ajones\desktop\opengl\graphics2\project\openglproject\consoleapplication1\release\inftrees.obj
c:\users\ajones\desktop\opengl\graphics2\project\openglproject\consoleapplication1\release\info.obj
c:\users\ajones\desktop\opengl\graphics2\project\openglproject\consoleapplication1\release\inflate.obj
c:\users\ajones\desktop\opengl\graphics2\project\openglproject\consoleapplication1\release\inffast.obj
c:\users\ajones\desktop\opengl\graphics2\project\openglproject\consoleapplication1\release\infback.obj
c:\users\ajones\desktop\opengl\graphics2\project\openglproject\consoleapplication1\release\gzwrite.obj
c:\users\ajones\desktop\opengl\graphics2\project\openglproject\consoleapplication1\release\gzread.obj
c:\users\ajones\desktop\opengl\graphics2\project\openglproject\consoleapplication1\release\gzlib.obj
c:\users\ajones\desktop\opengl\graphics2\project\openglproject\consoleapplication1\release\gzclose.obj
c:\users\ajones\desktop\opengl\graphics2\project\openglproject\consoleapplication1\release\framing.obj
c:\users\ajones\desktop\opengl\graphics2\project\openglproject\consoleapplication1\release\fluidsynth.obj
c:\users\ajones\desktop\opengl\graphics2\project\openglproject\consoleapplication1\release\floor1.obj
c:\users\ajones\desktop\opengl\graphics2\project\openglproject\consoleapplication1\release\pngset.obj
c:\users\ajones\desktop\opengl\graphics2\project\openglproject\consoleapplication1\release\pngrutil.obj
c:\users\ajones\desktop\opengl\graphics2\project\openglproject\consoleapplication1\release\pngrtran.obj
c:\users\ajones\desktop\opengl\graphics2\project\openglproject\consoleapplication1\release\pngrio.obj
c:\users\ajones\desktop\opengl\graphics2\project\openglproject\consoleapplication1\release\pngread.obj
c:\users\ajones\desktop\opengl\graphics2\project\openglproject\consoleapplication1\release\pngpread.obj
c:\users\ajones\desktop\opengl\graphics2\project\openglproject\consoleapplication1\release\pngmem.obj
c:\users\ajones\desktop\opengl\graphics2\project\openglproject\consoleapplication1\release\pngget.obj
c:\users\ajones\desktop\opengl\graphics2\project\openglproject\consoleapplication1\release\pngerror.obj
c:\users\ajones\desktop\opengl\graphics2\project\openglproject\consoleapplication1\release\png.obj
c:\users\ajones\desktop\opengl\graphics2\project\openglproject\consoleapplication1\release\music_ogg.obj
c:\users\ajones\desktop\opengl\graphics2\project\openglproject\consoleapplication1\release\music_modplug.obj
c:\users\ajones\desktop\opengl\graphics2\project\openglproject\consoleapplication1\release\music_mod.obj
c:\users\ajones\desktop\opengl\graphics2\project\openglproject\consoleapplication1\release\music_mad.obj
c:\users\ajones\desktop\opengl\graphics2\project\openglproject\consoleapplication1\release\music_flac.obj
c:\users\ajones\desktop\opengl\graphics2\project\openglproject\consoleapplication1\release\music_cmd.obj
c:\users\ajones\desktop\opengl\graphics2\project\openglproject\consoleapplication1\release\music.obj
c:\users\ajones\desktop\opengl\graphics2\project\openglproject\consoleapplication1\release\mixer.obj
c:\users\ajones\desktop\opengl\graphics2\project\openglproject\consoleapplication1\release\mdct.obj
c:\users\ajones\desktop\opengl\graphics2\project\openglproject\consoleapplication1\release\mapping0.obj
c:\users\ajones\desktop\opengl\graphics2\project\openglproject\consoleapplication1\release\wavestream.obj
c:\users\ajones\desktop\opengl\graphics2\project\openglproject\consoleapplication1\release\vorbisfile.obj
c:\users\ajones\desktop\opengl\graphics2\project\openglproject\consoleapplication1\release\vorbisenc.obj
c:\users\ajones\desktop\opengl\graphics2\project\openglproject\consoleapplication1\release\uncompr.obj
c:\users\ajones\desktop\opengl\graphics2\project\openglproject\consoleapplication1\release\trees.obj
c:\users\ajones\desktop\opengl\graphics2\project\openglproject\consoleapplication1\release\synthesis.obj
c:\users\ajones\desktop\opengl\graphics2\project\openglproject\consoleapplication1\release\smallft.obj
c:\users\ajones\desktop\opengl\graphics2\project\openglproject\consoleapplication1\release\sharedbook.obj
c:\users\ajones\desktop\opengl\graphics2\project\openglproject\consoleapplication1\release\sdlnetudp.obj
c:\users\ajones\desktop\opengl\graphics2\project\openglproject\consoleapplication1\release\sdlnettcp.obj
c:\users\ajones\desktop\opengl\graphics2\project\openglproject\consoleapplication1\release\sdlnetselect.obj
c:\users\ajones\desktop\opengl\graphics2\project\openglproject\consoleapplication1\release\sdlnet.obj
c:\users\ajones\desktop\opengl\graphics2\project\openglproject\consoleapplication1\release\res0.obj
c:\users\ajones\desktop\opengl\graphics2\project\openglproject\consoleapplication1\release\registry.obj
c:\users\ajones\desktop\opengl\graphics2\project\openglproject\consoleapplication1\release\psy.obj
c:\users\ajones\desktop\opengl\graphics2\project\openglproject\consoleapplication1\release\pngwutil.obj
c:\users\ajones\desktop\opengl\graphics2\project\openglproject\consoleapplication1\release\pngwtran.obj
c:\users\ajones\desktop\opengl\graphics2\project\openglproject\consoleapplication1\release\pngwrite.obj
c:\users\ajones\desktop\opengl\graphics2\project\openglproject\consoleapplication1\release\pngwio.obj
c:\users\ajones\desktop\opengl\graphics2\project\openglproject\consoleapplication1\release\pngtrans.obj
c:\users\ajones\desktop\opengl\graphics2\project\openglproject\consoleapplication1\release\zutil.obj
c:\users\ajones\desktop\opengl\graphics2\project\openglproject\consoleapplication1\release\window.obj
c:\users\ajones\desktop\opengl\graphics2\project\openglproject\consoleapplication1\release\skybox.obj
c:\users\ajones\desktop\opengl\graphics2\project\openglproject\consoleapplication1\release\ppng.obj
c:\users\ajones\desktop\opengl\graphics2\project\openglproject\consoleapplication1\release\main.obj
c:\users\ajones\desktop\opengl\graphics2\project\openglproject\consoleapplication1\release\arrow.obj
c:\users\ajones\desktop\opengl\graphics2\project\openglproject\consoleapplication1\release\glfuncs.obj
c:\users\alex\desktop\spring 2017\graphics2\maze\consoleapplication1\release\consoleapplication1.lib
c:\users\alex\desktop\spring 2017\graphics2\maze\consoleapplication1\release\consoleapplication1.exp
c:\users\ajones\desktop\opengl\graphics2\maze\consoleapplication1\release\consoleapplication1.lib
c:\users\ajones\desktop\opengl\graphics2\maze\consoleapplication1\release\consoleapplication1.exp
c:\users\ajones\desktop\opengl\graphics2\project\openglproject\release\consoleapplication1.lib
c:\users\ajones\desktop\opengl\graphics2\project\openglproject\release\consoleapplication1.exp
c:\users\ajones\desktop\opengl\graphics2\maze\consoleapplication1\release\consoleapplication1.exe
c:\users\ajones\desktop\opengl\graphics2\maze\consoleapplication1\release\consoleapplication1.ipdb
c:\users\ajones\desktop\opengl\graphics2\maze\consoleapplication1\release\consoleapplication1.iobj
c:\users\ajones\desktop\opengl\graphics2\maze\consoleapplication1\release\consoleapplication1.pdb
c:\users\ajones\desktop\opengl\graphics2\project\openglproject\release\consoleapplication1.exe
c:\users\ajones\desktop\opengl\graphics2\project\openglproject\release\consoleapplication1.ipdb
c:\users\ajones\desktop\opengl\graphics2\project\openglproject\release\consoleapplication1.iobj
c:\users\ajones\desktop\opengl\graphics2\project\openglproject\release\consoleapplication1.pdb
c:\users\ajones\desktop\opengl\graphics2\maze\consoleapplication1\consoleapplication1\release\consoleapplication1.res
c:\users\ajones\desktop\opengl\graphics2\project\openglproject\consoleapplication1\release\consoleapplication1.res
c:\users\ajones\desktop\opengl\graphics2\project\openglproject\consoleapplication1\release\consolea.fc261bf6.tlog\cl.command.1.tlog
c:\users\ajones\desktop\opengl\graphics2\project\openglproject\consoleapplication1\release\consolea.fc261bf6.tlog\cl.read.1.tlog
c:\users\ajones\desktop\opengl\graphics2\project\openglproject\consoleapplication1\release\consolea.fc261bf6.tlog\cl.write.1.tlog
c:\users\ajones\desktop\opengl\graphics2\project\openglproject\consoleapplication1\release\consolea.fc261bf6.tlog\consoleapplication1.write.1u.tlog
c:\users\ajones\desktop\opengl\graphics2\project\openglproject\consoleapplication1\release\consolea.fc261bf6.tlog\link.command.1.tlog
c:\users\ajones\desktop\opengl\graphics2\project\openglproject\consoleapplication1\release\consolea.fc261bf6.tlog\link.read.1.tlog
c:\users\ajones\desktop\opengl\graphics2\project\openglproject\consoleapplication1\release\consolea.fc261bf6.tlog\link.write.1.tlog
c:\users\ajones\desktop\opengl\graphics2\project\openglproject\consoleapplication1\release\consolea.fc261bf6.tlog\rc.command.1.tlog
c:\users\ajones\desktop\opengl\graphics2\project\openglproject\consoleapplication1\release\consolea.fc261bf6.tlog\rc.read.1.tlog
c:\users\ajones\desktop\opengl\graphics2\project\openglproject\consoleapplication1\release\consolea.fc261bf6.tlog\rc.write.1.tlog
